This file contains any messages produced by compilers while
running configure, to aid debugging if configure makes a mistake.

It was created by configure, which was
generated by GNU Autoconf 2.57.  Invocation command line was

  $ ./configure --enable-SDL

## --------- ##
## Platform. ##
## --------- ##

hostname = minos
uname -m = i686
uname -r = 1.0.10(0.46/3/2)
uname -s = MINGW32_NT-5.1
uname -v = 2004-03-15 07:17

/usr/bin/uname -p = unknown
/bin/uname -X     = unknown

/bin/arch              = unknown
/usr/bin/arch -k       = unknown
/usr/convex/getsysinfo = unknown
hostinfo               = unknown
/bin/machine           = unknown
/usr/bin/oslevel       = unknown
/bin/universe          = unknown

PATH: .
PATH: /usr/local/bin
PATH: /mingw/bin
PATH: /bin
PATH: /d/bin
PATH: /d/bin/wscite
PATH: /c/Perl/bin
PATH: /c/WINDOWS/system32
PATH: /c/WINDOWS
PATH: /c/WINDOWS/System32/Wbem
PATH: /c/Program Files/Common Files/GTK/2.0/bin
PATH: %HTC_PIC%/BIN
PATH: %HTC_PIC18%/BIN
PATH: %HTC_DSPIC%/BIN
PATH: /d/MyApps/Csound/bin


## ----------- ##
## Core tests. ##
## ----------- ##

configure:1328: checking for a BSD-compatible install
configure:1382: result: /bin/install -c
configure:1393: checking whether build environment is sane
configure:1436: result: yes
configure:1469: checking for gawk
configure:1485: found /bin/gawk
configure:1495: result: gawk
configure:1505: checking whether make sets $(MAKE)
configure:1525: result: yes
configure:1729: checking for gcc
configure:1745: found /mingw/bin/gcc
configure:1755: result: gcc
configure:1999: checking for C compiler version
configure:2002: gcc --version </dev/null >&5
gcc.exe (GCC) 3.4.2 (mingw-special)
Copyright (C) 2004 Free Software Foundation, Inc.
This is free software; see the source for copying conditions.  There is NO
warranty; not even for MERCHANTABILITY or FITNESS FOR A PARTICULAR PURPOSE.

configure:2005: $? = 0
configure:2007: gcc -v </dev/null >&5
Reading specs from d:/mingw/bin/../lib/gcc/mingw32/3.4.2/specs
Configured with: ../gcc/configure --with-gcc --with-gnu-ld --with-gnu-as --host=mingw32 --target=mingw32 --prefix=/mingw --enable-threads --disable-nls --enable-languages=c,c++,f77,ada,objc,java --disable-win32-registry --disable-shared --enable-sjlj-exceptions --enable-libgcj --disable-java-awt --without-x --enable-java-gc=boehm --disable-libgcj-debug --enable-interpreter --enable-hash-synchronization --enable-libstdcxx-debug
Thread model: win32
gcc version 3.4.2 (mingw-special)
configure:2010: $? = 0
configure:2012: gcc -V </dev/null >&5
gcc.exe: `-V' option must have argument
configure:2015: $? = 1
configure:2039: checking for C compiler default output
configure:2042: gcc    conftest.c  >&5
configure:2045: $? = 0
configure:2091: result: a.exe
configure:2096: checking whether the C compiler works
configure:2102: ./a.exe
configure:2105: $? = 0
configure:2122: result: yes
configure:2129: checking whether we are cross compiling
configure:2131: result: no
configure:2134: checking for suffix of executables
configure:2136: gcc -o conftest.exe    conftest.c  >&5
configure:2139: $? = 0
configure:2164: result: .exe
configure:2170: checking for suffix of object files
configure:2192: gcc -c   conftest.c >&5
configure:2195: $? = 0
configure:2217: result: o
configure:2221: checking whether we are using the GNU C compiler
configure:2246: gcc -c   conftest.c >&5
configure:2249: $? = 0
configure:2252: test -s conftest.o
configure:2255: $? = 0
configure:2268: result: yes
configure:2274: checking whether gcc accepts -g
configure:2296: gcc -c -g  conftest.c >&5
configure:2299: $? = 0
configure:2302: test -s conftest.o
configure:2305: $? = 0
configure:2316: result: yes
configure:2333: checking for gcc option to accept ANSI C
configure:2394: gcc  -c -g -O2  conftest.c >&5
configure:2397: $? = 0
configure:2400: test -s conftest.o
configure:2403: $? = 0
configure:2421: result: none needed
configure:2439: gcc -c -g -O2  conftest.c >&5
conftest.c:2: error: syntax error before "me"
configure:2442: $? = 1
configure: failed program was:
| #ifndef __cplusplus
|   choke me
| #endif
configure:2570: checking for style of include used by make
configure:2598: result: GNU
configure:2626: checking dependency style of gcc
configure:2688: result: gcc3
configure:2757: checking for g++
configure:2773: found /mingw/bin/g++
configure:2783: result: g++
configure:2799: checking for C++ compiler version
configure:2802: g++ --version </dev/null >&5
g++.exe (GCC) 3.4.2 (mingw-special)
Copyright (C) 2004 Free Software Foundation, Inc.
This is free software; see the source for copying conditions.  There is NO
warranty; not even for MERCHANTABILITY or FITNESS FOR A PARTICULAR PURPOSE.

configure:2805: $? = 0
configure:2807: g++ -v </dev/null >&5
Reading specs from d:/mingw/bin/../lib/gcc/mingw32/3.4.2/specs
Configured with: ../gcc/configure --with-gcc --with-gnu-ld --with-gnu-as --host=mingw32 --target=mingw32 --prefix=/mingw --enable-threads --disable-nls --enable-languages=c,c++,f77,ada,objc,java --disable-win32-registry --disable-shared --enable-sjlj-exceptions --enable-libgcj --disable-java-awt --without-x --enable-java-gc=boehm --disable-libgcj-debug --enable-interpreter --enable-hash-synchronization --enable-libstdcxx-debug
Thread model: win32
gcc version 3.4.2 (mingw-special)
configure:2810: $? = 0
configure:2812: g++ -V </dev/null >&5
g++.exe: `-V' option must have argument
configure:2815: $? = 1
configure:2818: checking whether we are using the GNU C++ compiler
configure:2843: g++ -c   conftest.cc >&5
configure:2846: $? = 0
configure:2849: test -s conftest.o
configure:2852: $? = 0
configure:2865: result: yes
configure:2871: checking whether g++ accepts -g
configure:2893: g++ -c -g  conftest.cc >&5
configure:2896: $? = 0
configure:2899: test -s conftest.o
configure:2902: $? = 0
configure:2913: result: yes
configure:2957: g++ -c -g -O2  conftest.cc >&5
configure:2960: $? = 0
configure:2963: test -s conftest.o
configure:2966: $? = 0
configure:2993: g++ -c -g -O2  conftest.cc >&5
configure: In function `int main()':
configure:2990: error: `exit' undeclared (first use this function)
configure:2990: error: (Each undeclared identifier is reported only once for each function it appears in.)
configure:2996: $? = 1
configure: failed program was:
| #line 2976 "configure"
| /* confdefs.h.  */
| 
| #define PACKAGE_NAME ""
| #define PACKAGE_TARNAME ""
| #define PACKAGE_VERSION ""
| #define PACKAGE_STRING ""
| #define PACKAGE_BUGREPORT ""
| #define PACKAGE "foobillard"
| #define VERSION "3.0"
| /* end confdefs.h.  */
| 
| int
| main ()
| {
| exit (42);
|   ;
|   return 0;
| }
configure:2957: g++ -c -g -O2  conftest.cc >&5
configure:2960: $? = 0
configure:2963: test -s conftest.o
configure:2966: $? = 0
configure:2993: g++ -c -g -O2  conftest.cc >&5
configure:2996: $? = 0
configure:2999: test -s conftest.o
configure:3002: $? = 0
configure:3027: checking dependency style of g++
configure:3089: result: gcc3
configure:3118: checking for a BSD-compatible install
configure:3172: result: /bin/install -c
configure:3191: checking how to run the C preprocessor
configure:3227: gcc -E  conftest.c
configure:3233: $? = 0
configure:3265: gcc -E  conftest.c
configure:3269:28: ac_nonexistent.h: No such file or directory
configure:3271: $? = 1
configure: failed program was:
| #line 3256 "configure"
| /* confdefs.h.  */
| 
| #define PACKAGE_NAME ""
| #define PACKAGE_TARNAME ""
| #define PACKAGE_VERSION ""
| #define PACKAGE_STRING ""
| #define PACKAGE_BUGREPORT ""
| #define PACKAGE "foobillard"
| #define VERSION "3.0"
| #ifdef __cplusplus
| #include <stdlib.h>
| #endif
| /* end confdefs.h.  */
| #include <ac_nonexistent.h>
configure:3309: result: gcc -E
configure:3334: gcc -E  conftest.c
configure:3340: $? = 0
configure:3372: gcc -E  conftest.c
configure:3376:28: ac_nonexistent.h: No such file or directory
configure:3378: $? = 1
configure: failed program was:
| #line 3363 "configure"
| /* confdefs.h.  */
| 
| #define PACKAGE_NAME ""
| #define PACKAGE_TARNAME ""
| #define PACKAGE_VERSION ""
| #define PACKAGE_STRING ""
| #define PACKAGE_BUGREPORT ""
| #define PACKAGE "foobillard"
| #define VERSION "3.0"
| #ifdef __cplusplus
| #include <stdlib.h>
| #endif
| /* end confdefs.h.  */
| #include <ac_nonexistent.h>
configure:3421: checking for egrep
configure:3431: result: grep -E
configure:3436: checking for ANSI C header files
configure:3462: gcc -c -g -O2  conftest.c >&5
configure:3465: $? = 0
configure:3468: test -s conftest.o
configure:3471: $? = 0
configure:3560: gcc -o conftest.exe -g -O2   conftest.c  >&5
configure:3563: $? = 0
configure:3565: ./conftest.exe
configure:3568: $? = 0
configure:3583: result: yes
configure:3607: checking for sys/types.h
configure:3624: gcc -c -g -O2  conftest.c >&5
configure:3627: $? = 0
configure:3630: test -s conftest.o
configure:3633: $? = 0
configure:3644: result: yes
configure:3607: checking for sys/stat.h
configure:3624: gcc -c -g -O2  conftest.c >&5
configure:3627: $? = 0
configure:3630: test -s conftest.o
configure:3633: $? = 0
configure:3644: result: yes
configure:3607: checking for stdlib.h
configure:3624: gcc -c -g -O2  conftest.c >&5
configure:3627: $? = 0
configure:3630: test -s conftest.o
configure:3633: $? = 0
configure:3644: result: yes
configure:3607: checking for string.h
configure:3624: gcc -c -g -O2  conftest.c >&5
configure:3627: $? = 0
configure:3630: test -s conftest.o
configure:3633: $? = 0
configure:3644: result: yes
configure:3607: checking for memory.h
configure:3624: gcc -c -g -O2  conftest.c >&5
configure:3627: $? = 0
configure:3630: test -s conftest.o
configure:3633: $? = 0
configure:3644: result: yes
configure:3607: checking for strings.h
configure:3624: gcc -c -g -O2  conftest.c >&5
configure:3627: $? = 0
configure:3630: test -s conftest.o
configure:3633: $? = 0
configure:3644: result: yes
configure:3607: checking for inttypes.h
configure:3624: gcc -c -g -O2  conftest.c >&5
configure:3627: $? = 0
configure:3630: test -s conftest.o
configure:3633: $? = 0
configure:3644: result: yes
configure:3607: checking for stdint.h
configure:3624: gcc -c -g -O2  conftest.c >&5
configure:3627: $? = 0
configure:3630: test -s conftest.o
configure:3633: $? = 0
configure:3644: result: yes
configure:3607: checking for unistd.h
configure:3624: gcc -c -g -O2  conftest.c >&5
configure:3627: $? = 0
configure:3630: test -s conftest.o
configure:3633: $? = 0
configure:3644: result: yes
configure:3675: checking limits.h usability
configure:3688: gcc -c -g -O2  conftest.c >&5
configure:3691: $? = 0
configure:3694: test -s conftest.o
configure:3697: $? = 0
configure:3707: result: yes
configure:3711: checking limits.h presence
configure:3722: gcc -E  conftest.c
configure:3728: $? = 0
configure:3747: result: yes
configure:3783: checking for limits.h
configure:3790: result: yes
configure:3666: checking for unistd.h
configure:3671: result: yes
configure:3675: checking math.h usability
configure:3688: gcc -c -g -O2  conftest.c >&5
configure:3691: $? = 0
configure:3694: test -s conftest.o
configure:3697: $? = 0
configure:3707: result: yes
configure:3711: checking math.h presence
configure:3722: gcc -E  conftest.c
configure:3728: $? = 0
configure:3747: result: yes
configure:3783: checking for math.h
configure:3790: result: yes
configure:3666: checking for stdlib.h
configure:3671: result: yes
configure:3675: checking stdio.h usability
configure:3688: gcc -c -g -O2  conftest.c >&5
configure:3691: $? = 0
configure:3694: test -s conftest.o
configure:3697: $? = 0
configure:3707: result: yes
configure:3711: checking stdio.h presence
configure:3722: gcc -E  conftest.c
configure:3728: $? = 0
configure:3747: result: yes
configure:3783: checking for stdio.h
configure:3790: result: yes
configure:3675: checking ft2build.h usability
configure:3688: gcc -c -g -O2  conftest.c >&5
configure:3739:22: ft2build.h: No such file or directory
configure:3691: $? = 1
configure: failed program was:
| #line 3677 "configure"
| /* confdefs.h.  */
| 
| #define PACKAGE_NAME ""
| #define PACKAGE_TARNAME ""
| #define PACKAGE_VERSION ""
| #define PACKAGE_STRING ""
| #define PACKAGE_BUGREPORT ""
| #define PACKAGE "foobillard"
| #define VERSION "3.0"
| #ifdef __cplusplus
| #include <stdlib.h>
| #endif
| #define STDC_HEADERS 1
| #define HAVE_SYS_TYPES_H 1
| #define HAVE_SYS_STAT_H 1
| #define HAVE_STDLIB_H 1
| #define HAVE_STRING_H 1
| #define HAVE_MEMORY_H 1
| #define HAVE_STRINGS_H 1
| #define HAVE_INTTYPES_H 1
| #define HAVE_STDINT_H 1
| #define HAVE_UNISTD_H 1
| #define HAVE_LIMITS_H 1
| #define HAVE_UNISTD_H 1
| #define HAVE_MATH_H 1
| #define HAVE_STDLIB_H 1
| #define HAVE_STDIO_H 1
| /* end confdefs.h.  */
| #include <stdio.h>
| #if HAVE_SYS_TYPES_H
| # include <sys/types.h>
| #endif
| #if HAVE_SYS_STAT_H
| # include <sys/stat.h>
| #endif
| #if STDC_HEADERS
| # include <stdlib.h>
| # include <stddef.h>
| #else
| # if HAVE_STDLIB_H
| #  include <stdlib.h>
| # endif
| #endif
| #if HAVE_STRING_H
| # if !STDC_HEADERS && HAVE_MEMORY_H
| #  include <memory.h>
| # endif
| # include <string.h>
| #endif
| #if HAVE_STRINGS_H
| # include <strings.h>
| #endif
| #if HAVE_INTTYPES_H
| # include <inttypes.h>
| #else
| # if HAVE_STDINT_H
| #  include <stdint.h>
| # endif
| #endif
| #if HAVE_UNISTD_H
| # include <unistd.h>
| #endif
| #include <ft2build.h>
configure:3707: result: no
configure:3711: checking ft2build.h presence
configure:3722: gcc -E  conftest.c
configure:3741:22: ft2build.h: No such file or directory
configure:3728: $? = 1
configure: failed program was:
| #line 3713 "configure"
| /* confdefs.h.  */
| 
| #define PACKAGE_NAME ""
| #define PACKAGE_TARNAME ""
| #define PACKAGE_VERSION ""
| #define PACKAGE_STRING ""
| #define PACKAGE_BUGREPORT ""
| #define PACKAGE "foobillard"
| #define VERSION "3.0"
| #ifdef __cplusplus
| #include <stdlib.h>
| #endif
| #define STDC_HEADERS 1
| #define HAVE_SYS_TYPES_H 1
| #define HAVE_SYS_STAT_H 1
| #define HAVE_STDLIB_H 1
| #define HAVE_STRING_H 1
| #define HAVE_MEMORY_H 1
| #define HAVE_STRINGS_H 1
| #define HAVE_INTTYPES_H 1
| #define HAVE_STDINT_H 1
| #define HAVE_UNISTD_H 1
| #define HAVE_LIMITS_H 1
| #define HAVE_UNISTD_H 1
| #define HAVE_MATH_H 1
| #define HAVE_STDLIB_H 1
| #define HAVE_STDIO_H 1
| /* end confdefs.h.  */
| #include <ft2build.h>
configure:3747: result: no
configure:3783: checking for ft2build.h
configure:3790: result: no
configure:3804: checking for an ANSI C-conforming const
configure:3872: gcc -c -g -O2  conftest.c >&5
configure:3875: $? = 0
configure:3878: test -s conftest.o
configure:3881: $? = 0
configure:3892: result: yes
configure:3902: checking for inline
configure:3924: gcc -c -g -O2  conftest.c >&5
configure:3927: $? = 0
configure:3930: test -s conftest.o
configure:3933: $? = 0
configure:3945: result: inline
configure:3961: checking for X
configure:4067: gcc -E  conftest.c
configure:4086:27: X11/Intrinsic.h: No such file or directory
configure:4073: $? = 1
configure: failed program was:
| #line 4058 "configure"
| /* confdefs.h.  */
| 
| #define PACKAGE_NAME ""
| #define PACKAGE_TARNAME ""
| #define PACKAGE_VERSION ""
| #define PACKAGE_STRING ""
| #define PACKAGE_BUGREPORT ""
| #define PACKAGE "foobillard"
| #define VERSION "3.0"
| #ifdef __cplusplus
| #include <stdlib.h>
| #endif
| #define STDC_HEADERS 1
| #define HAVE_SYS_TYPES_H 1
| #define HAVE_SYS_STAT_H 1
| #define HAVE_STDLIB_H 1
| #define HAVE_STRING_H 1
| #define HAVE_MEMORY_H 1
| #define HAVE_STRINGS_H 1
| #define HAVE_INTTYPES_H 1
| #define HAVE_STDINT_H 1
| #define HAVE_UNISTD_H 1
| #define HAVE_LIMITS_H 1
| #define HAVE_UNISTD_H 1
| #define HAVE_MATH_H 1
| #define HAVE_STDLIB_H 1
| #define HAVE_STDIO_H 1
| /* end confdefs.h.  */
| #include <X11/Intrinsic.h>
configure:4123: gcc -o conftest.exe -g -O2   conftest.c -lXt  >&5
configure:4134:27: X11/Intrinsic.h: No such file or directory
configure:4126: $? = 1
configure: failed program was:
| #line 4106 "configure"
| /* confdefs.h.  */
| 
| #define PACKAGE_NAME ""
| #define PACKAGE_TARNAME ""
| #define PACKAGE_VERSION ""
| #define PACKAGE_STRING ""
| #define PACKAGE_BUGREPORT ""
| #define PACKAGE "foobillard"
| #define VERSION "3.0"
| #ifdef __cplusplus
| #include <stdlib.h>
| #endif
| #define STDC_HEADERS 1
| #define HAVE_SYS_TYPES_H 1
| #define HAVE_SYS_STAT_H 1
| #define HAVE_STDLIB_H 1
| #define HAVE_STRING_H 1
| #define HAVE_MEMORY_H 1
| #define HAVE_STRINGS_H 1
| #define HAVE_INTTYPES_H 1
| #define HAVE_STDINT_H 1
| #define HAVE_UNISTD_H 1
| #define HAVE_LIMITS_H 1
| #define HAVE_UNISTD_H 1
| #define HAVE_MATH_H 1
| #define HAVE_STDLIB_H 1
| #define HAVE_STDIO_H 1
| /* end confdefs.h.  */
| #include <X11/Intrinsic.h>
| int
| main ()
| {
| XtMalloc (0)
|   ;
|   return 0;
| }
configure:4171: result: no
configure:5163: checking for socket
configure:5213: gcc -o conftest.exe -g -O2   conftest.c  >&5
C:/DOCUME~1/khman/LOCALS~1/Temp/cc0Cbaaa.o(.text+0x20): In function `main':
D:/msys/1.0/home/khman/foobillard/foobillard-3.0-src/configure:5229: undefined reference to `socket'
C:/DOCUME~1/khman/LOCALS~1/Temp/cc0Cbaaa.o(.data+0x0):D:/msys/1.0/home/khman/foobillard/foobillard-3.0-src/configure:5228: undefined reference to `socket'
collect2: ld returned 1 exit status
configure:5216: $? = 1
configure: failed program was:
| #line 5168 "configure"
| /* confdefs.h.  */
| 
| #define PACKAGE_NAME ""
| #define PACKAGE_TARNAME ""
| #define PACKAGE_VERSION ""
| #define PACKAGE_STRING ""
| #define PACKAGE_BUGREPORT ""
| #define PACKAGE "foobillard"
| #define VERSION "3.0"
| #ifdef __cplusplus
| #include <stdlib.h>
| #endif
| #define STDC_HEADERS 1
| #define HAVE_SYS_TYPES_H 1
| #define HAVE_SYS_STAT_H 1
| #define HAVE_STDLIB_H 1
| #define HAVE_STRING_H 1
| #define HAVE_MEMORY_H 1
| #define HAVE_STRINGS_H 1
| #define HAVE_INTTYPES_H 1
| #define HAVE_STDINT_H 1
| #define HAVE_UNISTD_H 1
| #define HAVE_LIMITS_H 1
| #define HAVE_UNISTD_H 1
| #define HAVE_MATH_H 1
| #define HAVE_STDLIB_H 1
| #define HAVE_STDIO_H 1
| #define X_DISPLAY_MISSING 1
| /* end confdefs.h.  */
| /* System header to define __stub macros and hopefully few prototypes,
|     which can conflict with char socket (); below.
|     Prefer <limits.h> to <assert.h> if __STDC__ is defined, since
|     <limits.h> exists even on freestanding compilers.  */
| #ifdef __STDC__
| # include <limits.h>
| #else
| # include <assert.h>
| #endif
| /* Override any gcc2 internal prototype to avoid an error.  */
| #ifdef __cplusplus
| extern "C"
| {
| #endif
| /* We use char because int might match the return type of a gcc2
|    builtin and then its argument prototype would still apply.  */
| char socket ();
| /* The GNU C library defines this for functions which it implements
|     to always fail with ENOSYS.  Some functions are actually named
|     something starting with __ and the normal name is an alias.  */
| #if defined (__stub_socket) || defined (__stub___socket)
| choke me
| #else
| char (*f) () = socket;
| #endif
| #ifdef __cplusplus
| }
| #endif
| 
| int
| main ()
| {
| return f != socket;
|   ;
|   return 0;
| }
configure:5233: result: no
configure:5163: checking for poll
configure:5213: gcc -o conftest.exe -g -O2   conftest.c  >&5
C:/DOCUME~1/khman/LOCALS~1/Temp/cckxbaaa.o(.text+0x20): In function `main':
D:/msys/1.0/home/khman/foobillard/foobillard-3.0-src/configure:5229: undefined reference to `poll'
C:/DOCUME~1/khman/LOCALS~1/Temp/cckxbaaa.o(.data+0x0):D:/msys/1.0/home/khman/foobillard/foobillard-3.0-src/configure:5228: undefined reference to `poll'
collect2: ld returned 1 exit status
configure:5216: $? = 1
configure: failed program was:
| #line 5168 "configure"
| /* confdefs.h.  */
| 
| #define PACKAGE_NAME ""
| #define PACKAGE_TARNAME ""
| #define PACKAGE_VERSION ""
| #define PACKAGE_STRING ""
| #define PACKAGE_BUGREPORT ""
| #define PACKAGE "foobillard"
| #define VERSION "3.0"
| #ifdef __cplusplus
| #include <stdlib.h>
| #endif
| #define STDC_HEADERS 1
| #define HAVE_SYS_TYPES_H 1
| #define HAVE_SYS_STAT_H 1
| #define HAVE_STDLIB_H 1
| #define HAVE_STRING_H 1
| #define HAVE_MEMORY_H 1
| #define HAVE_STRINGS_H 1
| #define HAVE_INTTYPES_H 1
| #define HAVE_STDINT_H 1
| #define HAVE_UNISTD_H 1
| #define HAVE_LIMITS_H 1
| #define HAVE_UNISTD_H 1
| #define HAVE_MATH_H 1
| #define HAVE_STDLIB_H 1
| #define HAVE_STDIO_H 1
| #define X_DISPLAY_MISSING 1
| /* end confdefs.h.  */
| /* System header to define __stub macros and hopefully few prototypes,
|     which can conflict with char poll (); below.
|     Prefer <limits.h> to <assert.h> if __STDC__ is defined, since
|     <limits.h> exists even on freestanding compilers.  */
| #ifdef __STDC__
| # include <limits.h>
| #else
| # include <assert.h>
| #endif
| /* Override any gcc2 internal prototype to avoid an error.  */
| #ifdef __cplusplus
| extern "C"
| {
| #endif
| /* We use char because int might match the return type of a gcc2
|    builtin and then its argument prototype would still apply.  */
| char poll ();
| /* The GNU C library defines this for functions which it implements
|     to always fail with ENOSYS.  Some functions are actually named
|     something starting with __ and the normal name is an alias.  */
| #if defined (__stub_poll) || defined (__stub___poll)
| choke me
| #else
| char (*f) () = poll;
| #endif
| #ifdef __cplusplus
| }
| #endif
| 
| int
| main ()
| {
| return f != poll;
|   ;
|   return 0;
| }
configure:5233: result: no
configure:5282: checking "for SDL support"
configure:5284: result: "yes"
configure:5286: checking "for glut support"
configure:5288: result: "no"
configure:5536: creating ./config.status

## ---------------------- ##
## Running config.status. ##
## ---------------------- ##

This file was extended by config.status, which was
generated by GNU Autoconf 2.57.  Invocation command line was

  CONFIG_FILES    = 
  CONFIG_HEADERS  = 
  CONFIG_LINKS    = 
  CONFIG_COMMANDS = 
  $ ./config.status 

on minos

config.status:673: creating Makefile
config.status:673: creating foobillard.spec
config.status:673: creating foobillard-SDL.spec
config.status:673: creating src/Makefile
config.status:673: creating data/Makefile
config.status:777: creating src/config.h
config.status:894: src/config.h is unchanged
config.status:1007: executing depfiles commands

## ---------------- ##
## Cache variables. ##
## ---------------- ##

ac_cv_c_compiler_gnu=yes
ac_cv_c_const=yes
ac_cv_c_inline=inline
ac_cv_cxx_compiler_gnu=yes
ac_cv_env_CC_set=
ac_cv_env_CC_value=
ac_cv_env_CFLAGS_set=
ac_cv_env_CFLAGS_value=
ac_cv_env_CPPFLAGS_set=
ac_cv_env_CPPFLAGS_value=
ac_cv_env_CPP_set=
ac_cv_env_CPP_value=
ac_cv_env_CXXFLAGS_set=
ac_cv_env_CXXFLAGS_value=
ac_cv_env_CXX_set=
ac_cv_env_CXX_value=
ac_cv_env_LDFLAGS_set=
ac_cv_env_LDFLAGS_value=
ac_cv_env_build_alias_set=
ac_cv_env_build_alias_value=
ac_cv_env_host_alias_set=
ac_cv_env_host_alias_value=
ac_cv_env_target_alias_set=
ac_cv_env_target_alias_value=
ac_cv_exeext=.exe
ac_cv_func_poll=no
ac_cv_func_socket=no
ac_cv_have_x=have_x=no
ac_cv_header_ft2build_h=no
ac_cv_header_inttypes_h=yes
ac_cv_header_limits_h=yes
ac_cv_header_math_h=yes
ac_cv_header_memory_h=yes
ac_cv_header_stdc=yes
ac_cv_header_stdint_h=yes
ac_cv_header_stdio_h=yes
ac_cv_header_stdlib_h=yes
ac_cv_header_string_h=yes
ac_cv_header_strings_h=yes
ac_cv_header_sys_stat_h=yes
ac_cv_header_sys_types_h=yes
ac_cv_header_unistd_h=yes
ac_cv_objext=o
ac_cv_path_install='/bin/install -c'
ac_cv_prog_AWK=gawk
ac_cv_prog_CPP='gcc -E'
ac_cv_prog_ac_ct_CC=gcc
ac_cv_prog_ac_ct_CXX=g++
ac_cv_prog_cc_g=yes
ac_cv_prog_cc_stdc=
ac_cv_prog_cxx_g=yes
ac_cv_prog_egrep='grep -E'
ac_cv_prog_make_make_set=yes
am_cv_CC_dependencies_compiler_type=gcc3
am_cv_CXX_dependencies_compiler_type=gcc3

## ----------------- ##
## Output variables. ##
## ----------------- ##

ACLOCAL='${SHELL} /home/khman/foobillard/foobillard-3.0-src/missing --run aclocal-1.7'
AMDEPBACKSLASH='\'
AMDEP_FALSE='#'
AMDEP_TRUE=''
AMTAR='${SHELL} /home/khman/foobillard/foobillard-3.0-src/missing --run tar'
AUTOCONF='${SHELL} /home/khman/foobillard/foobillard-3.0-src/missing --run autoconf'
AUTOHEADER='${SHELL} /home/khman/foobillard/foobillard-3.0-src/missing --run autoheader'
AUTOMAKE='${SHELL} /home/khman/foobillard/foobillard-3.0-src/missing --run automake-1.7'
AWK='gawk'
CC='gcc'
CCDEPMODE='depmode=gcc3'
CFLAGS='-g -O2'
CPP='gcc -E'
CPPFLAGS=''
CXX='g++'
CXXDEPMODE='depmode=gcc3'
CXXFLAGS='-g -O2'
CYGPATH_W='echo'
DEFS='-DHAVE_CONFIG_H'
DEPDIR='.deps'
ECHO_C=''
ECHO_N='-n'
ECHO_T=''
EGREP='grep -E'
EXEEXT='.exe'
INSTALL_DATA='${INSTALL} -m 644'
INSTALL_PROGRAM='${INSTALL}'
INSTALL_SCRIPT='${INSTALL}'
INSTALL_STRIP_PROGRAM='${SHELL} $(install_sh) -c -s'
LDFLAGS=''
LIBOBJS=''
LIBS=''
LTLIBOBJS=''
MAKEINFO='${SHELL} /home/khman/foobillard/foobillard-3.0-src/missing --run makeinfo'
OBJEXT='o'
PACKAGE='foobillard'
PACKAGE_BUGREPORT=''
PACKAGE_NAME=''
PACKAGE_STRING=''
PACKAGE_TARNAME=''
PACKAGE_VERSION=''
PATH_SEPARATOR=':'
SET_MAKE=''
SHELL='/bin/sh'
STRIP=''
USE_DEBUG_FALSE=''
USE_DEBUG_TRUE='#'
USE_NVIDIA_FALSE='#'
USE_NVIDIA_TRUE=''
USE_SDL_FALSE='#'
USE_SDL_TRUE=''
USE_SOUND_FALSE='#'
USE_SOUND_TRUE=''
VERSION='3.0'
X_CFLAGS=''
X_EXTRA_LIBS=''
X_LIBS=''
X_PRE_LIBS=''
ac_ct_CC='gcc'
ac_ct_CXX='g++'
ac_ct_STRIP=''
am__fastdepCC_FALSE='#'
am__fastdepCC_TRUE=''
am__fastdepCXX_FALSE='#'
am__fastdepCXX_TRUE=''
am__include='include'
am__quote=''
bindir='${exec_prefix}/bin'
build_alias=''
datadir='${prefix}/share'
exec_prefix='${prefix}'
host_alias=''
includedir='${prefix}/include'
infodir='${prefix}/info'
install_sh='/home/khman/foobillard/foobillard-3.0-src/install-sh'
libdir='${exec_prefix}/lib'
libexecdir='${exec_prefix}/libexec'
localstatedir='${prefix}/var'
mandir='${prefix}/man'
oldincludedir='/usr/include'
prefix='/usr/local'
program_transform_name='s,x,x,'
sbindir='${exec_prefix}/sbin'
sharedstatedir='${prefix}/com'
sysconfdir='${prefix}/etc'
target_alias=''

## ----------- ##
## confdefs.h. ##
## ----------- ##

#define HAVE_INTTYPES_H 1
#define HAVE_LIMITS_H 1
#define HAVE_MATH_H 1
#define HAVE_MEMORY_H 1
#define HAVE_STDINT_H 1
#define HAVE_STDIO_H 1
#define HAVE_STDLIB_H 1
#define HAVE_STDLIB_H 1
#define HAVE_STRINGS_H 1
#define HAVE_STRING_H 1
#define HAVE_SYS_STAT_H 1
#define HAVE_SYS_TYPES_H 1
#define HAVE_UNISTD_H 1
#define HAVE_UNISTD_H 1
#define PACKAGE "foobillard"
#define PACKAGE_BUGREPORT ""
#define PACKAGE_NAME ""
#define PACKAGE_STRING ""
#define PACKAGE_TARNAME ""
#define PACKAGE_VERSION ""
#define STDC_HEADERS 1
#define VERSION "3.0"
#define X_DISPLAY_MISSING 1
#endif
#ifdef __cplusplus
#include <stdlib.h>

configure: exit 0
